{
  "stats": {
    "suites": 2,
    "tests": 3,
    "passes": 3,
    "pending": 1,
    "failures": -1,
    "start": "2023-03-21T15:07:32.111Z",
    "end": "2023-03-21T15:10:27.392Z",
    "duration": 175281,
    "testsRegistered": 4,
    "passPercent": 100,
    "pendingPercent": 25,
    "other": 1,
    "hasOther": true,
    "skipped": 0,
    "hasSkipped": false
  },
  "results": [
    {
      "uuid": "fec89f42-ec83-4d79-b4bd-6e896db00c33",
      "title": "",
      "fullFile": "cypress\\e2e\\DashTests\\smoke\\DASH_smoke_admin.cy.js",
      "file": "cypress\\e2e\\DashTests\\smoke\\DASH_smoke_admin.cy.js",
      "beforeHooks": [],
      "afterHooks": [],
      "tests": [],
      "suites": [
        {
          "uuid": "1fce7648-1638-42f4-92c8-4de78f809108",
          "title": "DASH smoke tests/Admin",
          "fullFile": "",
          "file": "",
          "beforeHooks": [],
          "afterHooks": [],
          "tests": [
            {
              "title": "Scroll into view test",
              "fullTitle": "DASH smoke tests/Admin Scroll into view test",
              "timedOut": null,
              "duration": 0,
              "state": "pending",
              "speed": null,
              "pass": false,
              "fail": false,
              "pending": true,
              "context": null,
              "code": "task_id = 'DASHCU-3687';\ncy.contains('.link__title', 'Budgets & KPI').click();\n//cy.contains('.link__title','fbajbchbsacjhsabj').click() - for testing purposes\ncy.contains('.card-name', 'Academy and Learning').scrollIntoView();",
              "err": {},
              "uuid": "956557a9-581d-479e-93f3-1c18309a576e",
              "parentUUID": "1fce7648-1638-42f4-92c8-4de78f809108",
              "isHook": false,
              "skipped": false
            },
            {
              "title": "Manage site permissions",
              "fullTitle": "DASH smoke tests/Admin Manage site permissions",
              "timedOut": null,
              "duration": 76977,
              "state": "passed",
              "speed": "slow",
              "pass": true,
              "fail": false,
              "pending": false,
              "context": null,
              "code": "//https://app.clickup.com/t/4534343/DASHCU-3663\ntask_id = 'DASHCU-3663';\ncy.contains('.link__title', 'Manage Sites Permissions').click();\ncy.url().should('include', '/UserPermission/Index');\ncy.contains('.btn', 'Save').should('have.attr', 'disabled'); //verify Save disabled until changes are done\ncy.get('div .Vheader-select').click();\ncy.get(\"[value=\" + Cypress.env(\"site_id\") + \"]\").click(); //select site mentioned in config\ncy.contains('.col-sm-6', 'Local Head of Workforce Planning').siblings('.col-sm-1').click();\ncy.get('ul>.select-all').find('label').click(); //select all\ncy.contains('.col-sm-6', 'Local Head of Workforce Planning').siblings('.col-sm-5').contains(/[a-z]+/);\ncy.get('ul>.select-all').find('label').click(); //unselect all\n//verify users are removed\ncy.contains('.col-sm-6', 'Local Head of Workforce Planning').siblings('.col-sm-5').invoke('text').then(text => {\n  expect(text.trim()).to.eq('');\n});\ncy.contains('.btn', 'Save').should('not.have.attr', 'disabled'); //save button is enabled after changes\ncy.get('.main-title').click();\ncy.contains('.btn', 'Cancel').click(); //cancel the changes\ncy.contains('.btn', 'Save').should('have.attr', 'disabled'); //verify Save disabled without changes\n// SetTaskParameter(states['passed'],test_tasks[0])\n//  cy.SetClickUpParameter((myObject.passed),test_tasks[0],Cypress.env('clickup_usage'))",
              "err": {},
              "uuid": "48772c52-cf08-4b98-8b29-e44ddfa9fa4d",
              "parentUUID": "1fce7648-1638-42f4-92c8-4de78f809108",
              "isHook": false,
              "skipped": false
            }
          ],
          "suites": [
            {
              "uuid": "df5009af-1d40-481b-8b1d-e2bbf85626fb",
              "title": "Users",
              "fullFile": "",
              "file": "",
              "beforeHooks": [],
              "afterHooks": [],
              "tests": [
                {
                  "title": "Users=> Search tab",
                  "fullTitle": "DASH smoke tests/Admin Users Users=> Search tab",
                  "timedOut": null,
                  "duration": 24692,
                  "state": "passed",
                  "speed": "slow",
                  "pass": true,
                  "fail": false,
                  "pending": false,
                  "context": null,
                  "code": "//https://app.clickup.com/t/4534343/DASHCU-3664\ntask_id = 'DASHCU-3664';\ncy.get('div> .search__input').type(`${Cypress.env('user')}`); //search for user\ncy.intercept('GET', '**/api//UserPermissionApi/FindUsers?userNameOrEmail*').as('grid_list');\ncy.contains('.btn', 'Apply').click();\ncy.wait('@grid_list', {\n  requestTimeout: `${Cypress.env('req_timeout')}`\n}).then(({\n  response\n}) => {\n  expect(response.statusCode).to.eq(200);\n  let user_count = response.body.length;\n  let FirstName;\n  if (user_count > 0) {\n    expect(JSON.stringify(response.body[getRandomInt(user_count)]).toLowerCase(), 'There is a text matching search in random user').to.contain(`${Cypress.env('user')}`);\n    FirstName = normalizeText(response.body[getRandomInt(user_count)].userName); //store any random user\n    cy.log(FirstName);\n    cy.contains('.row__column', FirstName).scrollIntoView(); //scroll to this user on UI to make sure he exists\n    cy.get('.ui-checkbox_default').eq(1).scrollIntoView().click();\n    cy.contains('.btn', 'Delete').click(); //check Delete button action\n    cy.get('.VNotification__message').should('exist');\n    cy.contains('.btn', 'Cancel').click();\n    cy.contains('.btn', 'Reset').click(); //Reset search\n    cy.get('div .users-row').should('not.exist');\n  }\n  cy.log(\"The number of users came from BE after search- \" + user_count);\n});\n// cy.SetClickUpParameter((myObject.passed),test_tasks[1],Cypress.env('clickup_usage'))",
                  "err": {},
                  "uuid": "47fbff3b-9545-4259-836a-caebb7f6a781",
                  "parentUUID": "df5009af-1d40-481b-8b1d-e2bbf85626fb",
                  "isHook": false,
                  "skipped": false
                },
                {
                  "title": "Users=> Filter tab",
                  "fullTitle": "DASH smoke tests/Admin Users Users=> Filter tab",
                  "timedOut": null,
                  "duration": 25131,
                  "state": "passed",
                  "speed": "slow",
                  "pass": true,
                  "fail": false,
                  "pending": false,
                  "context": null,
                  "code": "//https://app.clickup.com/t/4534343/DASHCU-3665\ntask_id = 'DASHCU-3665';\ncy.contains('.tab-title', 'Filter').click();\ncy.contains('.header__label', 'Entity').next('div').first().click();\ncy.get(\"[value=\" + Cypress.env(\"site_id\") + \"]\").click(); //select site mentioned in config\ncy.get(\"[value=\" + Cypress.env(\"site_id\") + \"]\").find('a').invoke('text').then(site => {\n  cy.contains('.header__label', 'Group of permissions').next('div').first().click();\n  let random_permission = getRandomInt(10) + 1;\n  cy.get(\"[value=\" + random_permission + \"]\").click(); //select random permission\n  cy.get(\"[value=\" + random_permission + \"]\").find('a').invoke('text').then(permission => {\n    //expect(text.trim()).to.eq('')\n    cy.log(permission);\n    cy.intercept('GET', '**/api/UserPermissionApi/GetUsersByFilter?entityId*').as('grid_list');\n    cy.contains('.btn', 'Apply').click();\n    cy.wait('@grid_list', {\n      requestTimeout: `${Cypress.env('req_timeout')}`\n    }).then(({\n      response\n    }) => {\n      expect(response.statusCode).to.eq(200);\n      let user_count = response.body.length;\n      if (user_count > 0) {\n        expect(JSON.stringify(response.body[getRandomInt(user_count)]).toLowerCase(), 'There is a text matching filtered site').to.contain(site.toLowerCase().trim());\n        expect(JSON.stringify(response.body[getRandomInt(user_count)]).toLowerCase(), 'There is a text matching filtered permission').to.contain(permission.toLowerCase().trim());\n        cy.get('.ui-checkbox_default').eq(1).scrollIntoView().click();\n        cy.contains('.btn', 'Delete').click(); //check Delete button action\n        cy.get('.VNotification__message').should('exist');\n        cy.contains('.btn', 'Cancel').click();\n        cy.contains('.btn', 'Reset').click(); //Reset search\n        cy.get('div .users-row').should('not.exist');\n      }\n      cy.log(\"The number of users came from BE after search- \" + user_count);\n    });\n  });\n});\n// cy.SetClickUpParameter((myObject.passed),test_tasks[2],Cypress.env('clickup_usage'))",
                  "err": {},
                  "uuid": "6d19b04d-1695-4a52-aafb-2d338a3cf52a",
                  "parentUUID": "df5009af-1d40-481b-8b1d-e2bbf85626fb",
                  "isHook": false,
                  "skipped": false
                }
              ],
              "suites": [],
              "passes": [
                "47fbff3b-9545-4259-836a-caebb7f6a781",
                "6d19b04d-1695-4a52-aafb-2d338a3cf52a"
              ],
              "failures": [],
              "pending": [],
              "skipped": [],
              "duration": 49823,
              "root": false,
              "rootEmpty": false,
              "_timeout": 2000
            }
          ],
          "passes": [
            "48772c52-cf08-4b98-8b29-e44ddfa9fa4d"
          ],
          "failures": [],
          "pending": [
            "956557a9-581d-479e-93f3-1c18309a576e"
          ],
          "skipped": [],
          "duration": 76977,
          "root": false,
          "rootEmpty": false,
          "_timeout": 2000
        }
      ],
      "passes": [],
      "failures": [],
      "pending": [],
      "skipped": [],
      "duration": 0,
      "root": true,
      "rootEmpty": true,
      "_timeout": 2000
    }
  ],
  "meta": {
    "mocha": {
      "version": "7.0.1"
    },
    "mochawesome": {
      "options": {
        "quiet": false,
        "reportFilename": "mochawesome",
        "saveHtml": false,
        "saveJson": true,
        "consoleReporter": "spec",
        "useInlineDiffs": false,
        "code": true
      },
      "version": "6.3.1"
    },
    "marge": {
      "options": {
        "reportDir": "cypress\\reports\\.jsons",
        "charts": "true",
        "overwrite": false,
        "html": false,
        "json": true
      },
      "version": "5.2.0"
    }
  }
}