{
  "stats": {
    "suites": 4,
    "tests": 12,
    "passes": 11,
    "pending": 2,
    "failures": -1,
    "start": "2023-03-21T15:19:29.964Z",
    "end": "2023-03-21T15:28:49.353Z",
    "duration": 559389,
    "testsRegistered": 14,
    "passPercent": 91.66666666666666,
    "pendingPercent": 14.285714285714285,
    "other": 2,
    "hasOther": true,
    "skipped": 0,
    "hasSkipped": false
  },
  "results": [
    {
      "uuid": "b9b4018e-261f-4308-b3ff-40a81cdf3ffd",
      "title": "",
      "fullFile": "cypress\\e2e\\DashTests\\smoke\\DASH_smoke_ones.cy.js",
      "file": "cypress\\e2e\\DashTests\\smoke\\DASH_smoke_ones.cy.js",
      "beforeHooks": [],
      "afterHooks": [],
      "tests": [],
      "suites": [
        {
          "uuid": "010e5351-8818-4a24-98b1-897790bf07bc",
          "title": "DASH smoke tests/Ones",
          "fullFile": "",
          "file": "",
          "beforeHooks": [],
          "afterHooks": [],
          "tests": [
            {
              "title": "Sample of Intercept in  Notification request",
              "fullTitle": "DASH smoke tests/Ones Sample of Intercept in  Notification request",
              "timedOut": null,
              "duration": 0,
              "state": "pending",
              "speed": null,
              "pass": false,
              "fail": false,
              "pending": true,
              "context": null,
              "code": "cy.intercept('/api/NotificationApi/GetNotifications').as('status');\ncy.get(\".link__title\").contains(\"Notification Center\").click();\ncy.wait('@status').then(({\n  response\n}) => {\n  expect(response.statusCode).to.eq(200);\n  let category_count = response.body.reference.categories.length;\n  cy.log(category_count);\n});",
              "err": {},
              "uuid": "6f3fd884-3138-48f4-81bc-be880550390f",
              "parentUUID": "010e5351-8818-4a24-98b1-897790bf07bc",
              "isHook": false,
              "skipped": false
            },
            {
              "title": "User can log in",
              "fullTitle": "DASH smoke tests/Ones User can log in",
              "timedOut": null,
              "duration": 0,
              "state": "pending",
              "speed": null,
              "pass": false,
              "fail": false,
              "pending": true,
              "context": null,
              "code": "cy.url().should('include', '/Home/Homepage');\ncy.contains('Welcome back').should('be.visible');",
              "err": {},
              "uuid": "82f9a06b-263f-4a61-808a-ec6ebfc562e1",
              "parentUUID": "010e5351-8818-4a24-98b1-897790bf07bc",
              "isHook": false,
              "skipped": false
            }
          ],
          "suites": [
            {
              "uuid": "28dbaf29-f1c6-4695-8899-c0a74e46ef37",
              "title": "Ones Unit - IDL grid",
              "fullFile": "",
              "file": "",
              "beforeHooks": [],
              "afterHooks": [],
              "tests": [
                {
                  "title": "Can open IDL Ones => Planning grid",
                  "fullTitle": "DASH smoke tests/Ones Ones Unit - IDL grid Can open IDL Ones => Planning grid",
                  "timedOut": null,
                  "duration": 99325,
                  "state": "passed",
                  "speed": "slow",
                  "pass": true,
                  "fail": false,
                  "pending": false,
                  "context": null,
                  "code": "//https://app.clickup.com/t/4534343/DASHCU-3675\ntask_id = 'DASHCU-3675';\n// cy.contains('.Vheader-text',\"Dates\").prev().click().as('departments_drdw')\nSelectAllDepts(); //checks all departments\ncy.get(\".item_artist\").eq(0).should(\"exist\");\ncy.contains(\".btn__overflow\", \"File\").should(\"exist\"); //checks if File button available\ncy.contains('.Vheader-text', \"Dates\").prev().click();\ncy.contains(\"Select All\").click();\ncy.contains(\"label\", Cypress.env('IDL_dept')).click(); //checks 1 department\ncy.get(\".main-heading\").click();\ncy.contains(\"Apply\").click();\n//checks if any artist comes from BE\ncy.intercept('/api/idldepartmentonesnew/GetDepartmentOnes').as('grid_list');\ncy.contains(\"Apply\").click();\ncy.wait('@grid_list').then(({\n  response\n}) => {\n  expect(response.statusCode).to.eq(200);\n  let artist_count = response.body.reference.artistPositions.items.length;\n  let FirstName;\n  if (artist_count > 0) {\n    FirstName = response.body.reference.artistPositions.items[1].name.username;\n    cy.get(\".item_artist\", {\n      timeout: `${Cypress.env('elem_timeout')}`\n    }).eq(0).should(\"exist\");\n    cy.contains(\".item__info__name\", FirstName).eq(0).should(\"exist\"); //check if 1-st artist exists in table and matches response\n    cy.log(\"The first artist is - \" + FirstName);\n    cy.contains(\".item__info__department-name\", Cypress.env('IDL_dept')).should(\"exist\");\n    artist_count = artist_count - 1;\n  }\n  cy.log(\"The number of artist came from BE - \" + artist_count);\n});\ncy.contains(\".btn__overflow\", \"File\").should(\"exist\"); //checks if File button available\n//cy.SetClickUpParameter((myObject.passed),test_tasks[0],Cypress.env('clickup_usage'))",
                  "err": {},
                  "uuid": "6fd4f06c-638e-4e9a-932f-1b63102163f4",
                  "parentUUID": "28dbaf29-f1c6-4695-8899-c0a74e46ef37",
                  "isHook": false,
                  "skipped": false
                },
                {
                  "title": "Can open IDL Teams",
                  "fullTitle": "DASH smoke tests/Ones Ones Unit - IDL grid Can open IDL Teams",
                  "timedOut": null,
                  "duration": 28941,
                  "state": "passed",
                  "speed": "slow",
                  "pass": true,
                  "fail": false,
                  "pending": false,
                  "context": null,
                  "code": "//https://app.clickup.com/t/4534343/DASHCU-3676\ntask_id = 'DASHCU-3676';\ncy.contains(\".tab-title\", \"Teams\").click();\nSelectAllDepts(); //checks all departments\ncy.get('.TeamsTab__search').should('exist').type(\"123456789\");\ncy.get('.VComboSearch__clear').click();\ncy.get('body').then($body => {\n  if ($body.find('.name__team').length > 0) {\n    //check if any team exists\n    cy.log(\"The number of existing teams - \" + $body.find('.name__team').length);\n    cy.get(\".name__team\").eq(0).should(\"exist\");\n    cy.get('[data-icon=\"pencil\"]').should(\"not.exist\");\n  } else {\n    cy.log(\"There are NO teams. The number of existing teams - \" + $body.find('.name__team').length);\n  }\n});\ncy.contains('.Vheader-text', \"Dates\").prev().click();\ncy.contains(\"Select All\").click();\ncy.contains(\"label\", Cypress.env('IDL_dept')).click(); //checks 1 department\ncy.get(\".main-heading\").click();\ncy.contains(\"Apply\").click();\n//check API whether teams exist for this dept\ncy.request('POST', Cypress.env('url_g') + \"/api/ShotTeamsNewApi/GetShotTeams\", {\n  departmentIdCollection: [Cypress.env('IDL_dept_id')],\n  siteId: Cypress.env('site_id'),\n  isIdl: true\n}).then(response => {\n  expect(response.status).to.eq(200); //status 200\n  expect(response.body.status).to.eq('success'); //status success\n  let teams_count = response.body.reference.shotTeams.length;\n  cy.log(teams_count);\n  if (teams_count > 0) {\n    //if there are teams\n    let FirstTeamName = response.body.reference.shotTeams[0].name;\n    cy.contains(\".name__team\", FirstTeamName).should(\"exist\");\n    cy.get('[data-icon=\"pencil\"]').eq(0).should(\"exist\");\n    cy.log('The number of existing teams - ' + teams_count + '. The first team name is - ' + FirstTeamName);\n  } else {\n    //if there are no teams\n    cy.get(\".name__team\").should(\"not.exist\");\n    cy.get('[data-icon=\"pencil\"]').should(\"not.exist\");\n    cy.log('The number of existing teams - ' + teams_count);\n  }\n});\n// cy.SetClickUpParameter((myObject.passed),test_tasks[1],Cypress.env('clickup_usage'))",
                  "err": {},
                  "uuid": "1e7978fd-d7e5-450d-959a-c08ae3398caa",
                  "parentUUID": "28dbaf29-f1c6-4695-8899-c0a74e46ef37",
                  "isHook": false,
                  "skipped": false
                },
                {
                  "title": "Can open IDL Manager Lab",
                  "fullTitle": "DASH smoke tests/Ones Ones Unit - IDL grid Can open IDL Manager Lab",
                  "timedOut": null,
                  "duration": 27175,
                  "state": "passed",
                  "speed": "slow",
                  "pass": true,
                  "fail": false,
                  "pending": false,
                  "context": null,
                  "code": "//https://app.clickup.com/t/4534343/DASHCU-3677\ntask_id = 'DASHCU-3677';\ncy.contains(\".VTab__btn\", \"Manager Lab\").click();\ncy.contains(\".btn__overflow\", \"Nothing selected\").click();\ncy.contains(\"a\", Cypress.env('IDL_dept')).click();\n//checks if any artist comes from BE\ncy.intercept(\"/api/departmentones/site/\" + Cypress.env('site_id') + \"/department/\" + Cypress.env('IDL_dept_id') + \"/dss\").as('grid_list');\ncy.log(\"/api/departmentones/site/\" + Cypress.env('site_id') + \"/department/\" + Cypress.env('IDL_dept_id') + \"/dss\");\ncy.contains(\"Apply\").click();\ncy.contains(\".btn__overflow\", \"File\").should(\"exist\"); //checks if File button available\ncy.wait('@grid_list', {\n  requestTimeout: `${Cypress.env('req_timeout')}`\n}).then(({\n  response\n}) => {\n  expect(response.statusCode).to.eq(200);\n  let artist_count = response.body.reference.artistInfos.items.length;\n  let FirstName;\n  cy.log(\"The number of artist came from BE - \" + artist_count);\n  if (artist_count > 0) {\n    FirstName = response.body.reference.artistInfos.items[0].userName;\n    cy.get(\".approval-status\").eq(0).should(\"exist\"); //checks there is an artist in the grid=>approval status\n    cy.contains(\".cell_username\", FirstName).eq(0).should(\"exist\"); //check if 1-st artist exists in table and matches response   \n    cy.log(\"The first artist is - \" + FirstName);\n  }\n});\ncy.contains(\".btn__overflow\", \"Current State\").click(); //open snapshot dropdown\nlet CountSnap = 0;\n// further checks will go if there are any snapshots\ncy.contains('a', 'Current State').parent().its('length').then(CountSnap => {\n  cy.log(\"length=\" + CountSnap);\n  if (CountSnap >= 2) {\n    cy.contains('a', 'Current State').parent().eq(CountSnap).click();\n    //checks if any artist comes from BE\n    cy.contains(\"Apply\").click();\n    cy.wait('@grid_list', {\n      requestTimeout: `${Cypress.env('req_timeout')}`\n    }).then(({\n      response\n    }) => {\n      expect(response.statusCode).to.eq(200);\n      let artist_count = response.body.reference.artistInfos.items.length;\n      let FirstName = response.body.reference.artistInfos.items[0].userName;\n      cy.log(\"The number of artist came from BE - \" + artist_count);\n      cy.log(\"The first artist is - \" + FirstName);\n      if (artist_count > 0) {\n        cy.get(\".approval-status\").eq(0).should(\"exist\"); //checks there is an artist in the grid=>approval status\n        cy.contains(\".cell_username\", FirstName).eq(0).should(\"exist\"); //check if 1-st artist exists in table and matches response   \n        cy.contains(\".btn__overflow\", \"File\").should(\"not.exist\"); //checks if File button UNavailable (read only mode)\n      }\n    });\n  }\n});\n//  cy.SetClickUpParameter((myObject.passed),test_tasks[2],Cypress.env('clickup_usage'))",
                  "err": {},
                  "uuid": "67c5f152-7692-475c-9dbd-8db8ba7c0156",
                  "parentUUID": "28dbaf29-f1c6-4695-8899-c0a74e46ef37",
                  "isHook": false,
                  "skipped": false
                },
                {
                  "title": "Can open IDL Vacancies converted info",
                  "fullTitle": "DASH smoke tests/Ones Ones Unit - IDL grid Can open IDL Vacancies converted info",
                  "timedOut": null,
                  "duration": 19559,
                  "state": "passed",
                  "speed": "slow",
                  "pass": true,
                  "fail": false,
                  "pending": false,
                  "context": null,
                  "code": "//https://app.clickup.com/t/4534343/DASHCU-3678\ntask_id = 'DASHCU-3678';\ncy.contains(\".tab-title\", \"Vacancies converted info\").click();\ncy.contains(\".btn__overflow\", \"Nothing selected\").click();\ncy.contains(\"a\", Cypress.env('IDL_dept')).click();\ncy.contains(\"Apply\").click();\n//check API whether there are converted artists\ncy.request('POST', Cypress.env('url_g') + \"/api/PositionConverterApi/GetConvertedPositionsHistory\", {\n  siteId: Cypress.env('site_id'),\n  departmentIds: [Cypress.env('IDL_dept_id')]\n}).then(response => {\n  expect(response.status).to.eq(200); //status 200\n  expect(response.body.status).to.eq('success'); //status success\n  let converted_count = response.body.reference.length;\n  cy.log(converted_count);\n  if (converted_count > 0) {\n    //if there are converted artists\n    let FirstName = response.body.reference[0].realArtistUserName;\n    cy.get(\".table__row\").find(\".row__column\", FirstName).should(\"exist\"); //check if artist exists in table \n    cy.log('The number of converted artists - ' + converted_count + '. The first artist name is - ' + FirstName);\n  } else {\n    //if there are no converted artists\n    cy.get(\".table__row\").eq(1).should(\"not.exist\");\n    cy.log('The number of converted artists - ' + converted_count);\n  }\n});\n//cy.SetClickUpParameter((myObject.passed),test_tasks[3],Cypress.env('clickup_usage'))",
                  "err": {},
                  "uuid": "49349821-17b7-4c90-ba4e-2c018610ebea",
                  "parentUUID": "28dbaf29-f1c6-4695-8899-c0a74e46ef37",
                  "isHook": false,
                  "skipped": false
                }
              ],
              "suites": [],
              "passes": [
                "6fd4f06c-638e-4e9a-932f-1b63102163f4",
                "1e7978fd-d7e5-450d-959a-c08ae3398caa",
                "67c5f152-7692-475c-9dbd-8db8ba7c0156",
                "49349821-17b7-4c90-ba4e-2c018610ebea"
              ],
              "failures": [],
              "pending": [],
              "skipped": [],
              "duration": 175000,
              "root": false,
              "rootEmpty": false,
              "_timeout": 2000
            },
            {
              "uuid": "b52fa16d-f943-4083-8ac5-24b549fbb84e",
              "title": "Ones Unit - DL grid",
              "fullFile": "",
              "file": "",
              "beforeHooks": [],
              "afterHooks": [],
              "tests": [
                {
                  "title": "Can open DL Ones => Planning grid",
                  "fullTitle": "DASH smoke tests/Ones Ones Unit - DL grid Can open DL Ones => Planning grid",
                  "timedOut": null,
                  "duration": 36837,
                  "state": "passed",
                  "speed": "slow",
                  "pass": true,
                  "fail": false,
                  "pending": false,
                  "context": null,
                  "code": "//https://app.clickup.com/t/4534343/DASHCU-3679\ntask_id = 'DASHCU-3679';\n//checks if generalist or not\ncy.get(\".v-select-grouped__toggle\").then($text1 => {\n  if (Cypress.env('generalist').includes($text1.text().trim())) {\n    //is generalist\n    cy.contains(\"Apply\").click();\n    cy.contains(\".btn__overflow\", \"File\").should(\"exist\"); //checks if File button available\n    cy.contains(\".item__info__department-name\", Cypress.env('DL_dept')).should(\"not.exist\"); //dept split is unavailable\n  } else {\n    SelectAllDepts();\n  }\n});\ncy.get(\".item_artist\", {\n  timeout: `${Cypress.env('elem_timeout')}`\n}).eq(0).should(\"exist\");\ncy.contains('.Vheader-text', \"Dates\").prev().click();\ncy.contains(\"Select All\").click();\ncy.contains(\"label\", Cypress.env('DL_dept')).click(); //checks 1 department\ncy.get(\".main-heading\").click();\n//checks if any artist comes from BE\ncy.intercept('/api/departmentonesnew/getdepartmentones').as('grid_list');\ncy.contains(\"Apply\").click();\ncy.wait('@grid_list').then(({\n  response\n}) => {\n  expect(response.statusCode).to.eq(200);\n  let artist_count = response.body.reference.artistPositions.items.length;\n  let FirstName;\n  if (artist_count > 1) {\n    FirstName = response.body.reference.artistPositions.items[1].name.username;\n    cy.get(\".item_artist\", {\n      timeout: `${Cypress.env('elem_timeout')}`\n    }).eq(0).should(\"exist\");\n    cy.contains(\".item__info__name\", FirstName).eq(0).should(\"exist\"); //check if 1-st artist exists in table and matches response\n    cy.log(\"The first artist is - \" + FirstName);\n    artist_count = artist_count - 1;\n  }\n  cy.log(\"The number of artist came from BE - \" + artist_count);\n});\n//cy.SetClickUpParameter((myObject.passed),test_tasks[4],Cypress.env('clickup_usage'))",
                  "err": {},
                  "uuid": "32876be9-c059-493d-b281-f583f7232c53",
                  "parentUUID": "b52fa16d-f943-4083-8ac5-24b549fbb84e",
                  "isHook": false,
                  "skipped": false
                },
                {
                  "title": "Can open DL Ones => Actualised grid",
                  "fullTitle": "DASH smoke tests/Ones Ones Unit - DL grid Can open DL Ones => Actualised grid",
                  "timedOut": null,
                  "duration": 40286,
                  "state": "passed",
                  "speed": "slow",
                  "pass": true,
                  "fail": false,
                  "pending": false,
                  "context": null,
                  "code": "//https://app.clickup.com/t/4534343/DASHCU-3680\ntask_id = 'DASHCU-3680';\ncy.contains(\".tab-title\", \"Actualised Grid\").click();\n//checks if generalist or not\ncy.get(\".v-select-grouped__toggle\").then($text1 => {\n  if (Cypress.env('generalist').includes($text1.text().trim())) {\n    //is generalist\n    cy.contains(\"Apply\").click();\n    cy.contains(\".item__info__department-name\", Cypress.env('DL_dept')).should(\"not.exist\"); //dept split is unavailable\n  } else {\n    SelectAllDepts();\n  }\n});\ncy.contains(\".btn__overflow\", \"File\").should(\"not.exist\"); //checks if File button available\ncy.get(\".item_artist\", {\n  timeout: `${Cypress.env('elem_timeout')}`\n}).eq(0).should(\"exist\");\ncy.contains('.Vheader-text', \"Dates\").prev().click();\ncy.contains(\"Select All\").click();\ncy.contains(\"label\", Cypress.env('DL_dept')).click(); //checks 1 department\ncy.get(\".main-heading\").click();\n//checks if any artist comes from BE\ncy.intercept('/api/departmentonesnew/getdepartmentones').as('grid_list');\ncy.contains(\"Apply\").click();\ncy.wait('@grid_list').then(({\n  response\n}) => {\n  expect(response.statusCode).to.eq(200);\n  let artist_count = response.body.reference.artistPositions.items.length;\n  cy.log(\"The number of artist came from BE - \" + artist_count);\n  let FirstName;\n  if (artist_count > 1) {\n    FirstName = response.body.reference.artistPositions.items[1].name.username;\n    cy.get(\".item_artist\", {\n      timeout: `${Cypress.env('elem_timeout')}`\n    }).eq(0).should(\"exist\");\n    cy.contains(\".item__info__name\", FirstName).eq(0).should(\"exist\"); //check if 1-st artist exists in table and matches response\n    cy.log(\"The first artist is - \" + FirstName);\n    artist_count = artist_count - 1;\n  }\n  cy.log(\"The number of artist came from BE - \" + artist_count);\n});\n//cy.SetClickUpParameter((myObject.passed),test_tasks[5],Cypress.env('clickup_usage'))",
                  "err": {},
                  "uuid": "f7572dd1-4cbc-42f1-9a32-6c8a259850b6",
                  "parentUUID": "b52fa16d-f943-4083-8ac5-24b549fbb84e",
                  "isHook": false,
                  "skipped": false
                },
                {
                  "title": "Can open DL Ones => Disciplines tab",
                  "fullTitle": "DASH smoke tests/Ones Ones Unit - DL grid Can open DL Ones => Disciplines tab",
                  "timedOut": null,
                  "duration": 92618,
                  "state": "failed",
                  "speed": null,
                  "pass": false,
                  "fail": true,
                  "pending": false,
                  "context": "{\n  \"title\": \"cypress-mochawesome-reporter-screenshots\",\n  \"value\": [\n    [\n      {\n        \"title\": \"Failed screenshot\",\n        \"value\": \"\\\\DASH_smoke_ones.cy.js\\\\DASH smoke testsOnes -- Ones Unit - DL grid -- Can open DL Ones = Disciplines tab (failed).png\"\n      }\n    ]\n  ]\n}",
                  "code": "//https://app.clickup.com/t/4534343/DASHCU-3681\ntask_id = 'DASHCU-3681';\ncy.contains(\".tab-title\", \"Disciplines\").click();\ncy.wait(10000); //some delay to wait until notifications are loaded. Otherwise network error fails\n//checks if generalist or not\ncy.get(\".v-select-grouped__toggle\").then($text1 => {\n  if (Cypress.env('generalist').includes($text1.text().trim())) {\n    //is generalist\n    cy.contains(\"Apply\").click();\n    cy.contains(\".btn__overflow\", \"File\").should(\"exist\"); //checks if File button available\n    cy.get(\".ui-checkbox_default\").eq(0).should(\"not.have.class\", \"disabled\"); //checkboxes enabled  \n    //cy.contains(\".item__info__department-name\",Cypress.env('DL_dept')).should(\"not.exist\") //dept split is unavailable\n  } else {\n    SelectAllDepts();\n    cy.contains(\".btn__overflow\", \"File\").should(\"not.exist\"); //checks if File button unavailable\n    cy.get(\".ui-checkbox_default\", {\n      timeout: `${Cypress.env('elem_timeout')}`\n    }).eq(0).should(\"have.class\", \"disabled\"); //checkboxes disabled\n  }\n});\ncy.get(\".info__name\").eq(0).should(\"exist\");\ncy.contains('.Vheader-text', \"Dates\").prev().click();\ncy.contains(\"Select All\").click();\ncy.contains(\"label\", Cypress.env('DL_dept')).click(); //checks 1 department\ncy.get(\".main-heading\").click();\n//checks if any artist comes from BE\ncy.intercept('/api/departmentonesnew/getdirectartistsdisciplines').as('grid_list');\ncy.contains(\"Apply\").click();\ncy.wait('@grid_list', {\n  requestTimeout: `${Cypress.env('req_timeout')}`\n}).then(({\n  response\n}) => {\n  expect(response.statusCode).to.eq(200);\n  let artist_count = response.body.reference.length;\n  let FirstName;\n  cy.log(\"The number of artist came from BE - \" + artist_count);\n  if (artist_count > 0) {\n    FirstName = response.body.reference[0].name;\n    cy.get(\".info__name\").eq(0).should(\"exist\"); //checks there is an artist in the grid\n    cy.contains(\".info__name\", FirstName).eq(0).should(\"exist\"); //check if 1-st artist exists in table\n    cy.get(\".ui-checkbox_default\").eq(0).should(\"not.have.class\", \"disabled\"); //checkboxes enabled  \n    cy.log(\"The first artist is - \" + FirstName);\n  }\n});\n//cy.SetClickUpParameter((myObject.passed),test_tasks[6],Cypress.env('clickup_usage'))",
                  "err": {
                    "message": "AssertionError: Timed out retrying after 40000ms: Expected to find content: 'vincent.duponchel' within the selector: '.info__name' but never did.",
                    "estack": "AssertionError: Timed out retrying after 40000ms: Expected to find content: 'vincent.duponchel' within the selector: '.info__name' but never did.\n    at Context.eval (webpack:///./cypress/e2e/DashTests/smoke/DASH_smoke_ones.cy.js:351:13)",
                    "diff": null
                  },
                  "uuid": "430d5688-410e-4d0a-839b-28c22e61cc1e",
                  "parentUUID": "b52fa16d-f943-4083-8ac5-24b549fbb84e",
                  "isHook": false,
                  "skipped": false
                },
                {
                  "title": "Can open DL Teams",
                  "fullTitle": "DASH smoke tests/Ones Ones Unit - DL grid Can open DL Teams",
                  "timedOut": null,
                  "duration": 41952,
                  "state": "passed",
                  "speed": "slow",
                  "pass": true,
                  "fail": false,
                  "pending": false,
                  "context": null,
                  "code": "//https://app.clickup.com/t/4534343/DASHCU-3682\ntask_id = 'DASHCU-3682';\ncy.contains(\".tab-title\", \"Teams\").click();\ncy.wait(10000); //some delay to wait until notifications are loaded. Otherwise network error fails\n//checks if generalist or not\ncy.get(\".v-select-grouped__toggle\").then($text1 => {\n  if (Cypress.env('generalist').includes($text1.text().trim())) {\n    //is generalist\n    cy.contains(\"Apply\").click();\n  } else {\n    SelectAllDepts();\n  }\n});\ncy.get('.TeamsTab__search').should('exist').type(\"123456789\");\ncy.get('.VComboSearch__clear').click();\ncy.get('body').then($body => {\n  if ($body.find('.name__team').length > 0) {\n    //check if any team exists\n    cy.log(\"The number of existing teams - \" + $body.find('.name__team').length);\n    cy.get(\".name__team\").eq(0).should(\"exist\");\n  } else {\n    cy.log(\"There are NO teams. The number of existing teams - \" + $body.find('.name__team').length);\n  }\n});\ncy.contains('.Vheader-text', \"Dates\").prev().click();\ncy.contains(\"Select All\").click();\ncy.contains(\"label\", Cypress.env('DL_dept')).click(); //checks 1 department\ncy.get(\".main-heading\").click();\ncy.contains(\"Apply\").click();\n//check API whether teams exist for this dept\ncy.request('POST', Cypress.env('url_g') + \"/api/ShotTeamsNewApi/GetShotTeams\", {\n  departmentIdCollection: [Cypress.env('DL_dept_id')],\n  siteId: Cypress.env('site_id'),\n  isIdl: false\n}).then(response => {\n  // response.body is automatically serialized into JSON\n  expect(response.status).to.eq(200); //status 200\n  expect(response.body.status).to.eq('success'); //status success\n  let teams_count = response.body.reference.shotTeams.length;\n  if (teams_count > 0) {\n    //if there are teams\n    let FirstTeamName = response.body.reference.shotTeams[0].name;\n    cy.contains(\".name__team\", FirstTeamName).should(\"exist\");\n    cy.get('[data-icon=\"pencil\"]').eq(0).should(\"exist\");\n    cy.log('The number of existing teams - ' + teams_count + '. The first team name is - ' + FirstTeamName);\n  } else {\n    //if there are no teams\n    cy.get(\".name__team\").should(\"not.exist\");\n    cy.get('[data-icon=\"pencil\"]').should(\"not.exist\");\n    cy.log('The number of existing teams - ' + teams_count);\n  }\n});\n//cy.SetClickUpParameter((myObject.passed),test_tasks[7],Cypress.env('clickup_usage'))",
                  "err": {},
                  "uuid": "b7f3fa19-3b14-473a-83fa-f06aeb5c575d",
                  "parentUUID": "b52fa16d-f943-4083-8ac5-24b549fbb84e",
                  "isHook": false,
                  "skipped": false
                },
                {
                  "title": "Can open DL Manager Lab",
                  "fullTitle": "DASH smoke tests/Ones Ones Unit - DL grid Can open DL Manager Lab",
                  "timedOut": null,
                  "duration": 26920,
                  "state": "passed",
                  "speed": "slow",
                  "pass": true,
                  "fail": false,
                  "pending": false,
                  "context": null,
                  "code": "//https://app.clickup.com/t/4534343/DASHCU-3683\ntask_id = 'DASHCU-3683';\ncy.contains(\".VTab__btn\", \"Manager Lab\").click();\ncy.contains(\".btn__overflow\", \"Nothing selected\").click();\ncy.contains(\"a\", Cypress.env('DL_dept')).click();\n//checks if any artist comes from BE\ncy.intercept(\"/api/departmentones/site/\" + Cypress.env('site_id') + \"/department/\" + Cypress.env('DL_dept_id') + \"/dss\").as('grid_list');\ncy.log(\"/api/departmentones/site/\" + Cypress.env('site_id') + \"/department/\" + Cypress.env('DL_dept_id') + \"/dss\");\ncy.contains(\"Apply\").click();\ncy.contains(\".btn__overflow\", \"File\").should(\"exist\"); //checks if File button available\ncy.wait('@grid_list', {\n  requestTimeout: `${Cypress.env('req_timeout')}`\n}).then(({\n  response\n}) => {\n  expect(response.statusCode).to.eq(200);\n  let artist_count = response.body.reference.artistInfos.items.length;\n  cy.log(\"The number of artist came from BE - \" + artist_count);\n  if (artist_count > 0) {\n    let FirstName = response.body.reference.artistInfos.items[0].userName;\n    cy.get(\".approval-status\").eq(0).should(\"exist\"); //checks there is an artist in the grid=>approval status\n    cy.contains(\".cell_username\", FirstName).eq(0).should(\"exist\"); //check if 1-st artist exists in table and matches response   \n    cy.log(\"The first artist is - \" + FirstName);\n  }\n});\ncy.contains(\".btn__overflow\", \"Current State\").click(); //open snapshot dropdown\nlet CountSnap = 0;\n// further checks will go if there are any snapshots\ncy.contains('a', 'Current State').parent().its('length').then(CountSnap => {\n  cy.log(\"length=\" + CountSnap);\n  if (CountSnap >= 2) {\n    cy.contains('a', 'Current State').parent().eq(CountSnap).click();\n    //checks if any artist comes from BE\n    cy.contains(\"Apply\").click();\n    cy.wait('@grid_list', {\n      requestTimeout: `${Cypress.env('req_timeout')}`\n    }).then(({\n      response\n    }) => {\n      expect(response.statusCode).to.eq(200);\n      let artist_count = response.body.reference.artistInfos.items.length;\n      let FirstName;\n      cy.log(\"The number of artist came from BE - \" + artist_count);\n      if (artist_count > 0) {\n        FirstName = response.body.reference.artistInfos.items[0].userName;\n        cy.get(\".approval-status\").eq(0).should(\"exist\"); //checks there is an artist in the grid=>approval status\n        cy.contains(\".cell_username\", FirstName).eq(0).should(\"exist\"); //check if 1-st artist exists in table and matches response   \n        cy.log(\"The first artist is - \" + FirstName);\n      }\n    });\n  }\n});\n//cy.SetClickUpParameter((myObject.passed),test_tasks[8],Cypress.env('clickup_usage'))",
                  "err": {},
                  "uuid": "9febc2ee-23b2-4983-ad66-00420ac6b1bf",
                  "parentUUID": "b52fa16d-f943-4083-8ac5-24b549fbb84e",
                  "isHook": false,
                  "skipped": false
                },
                {
                  "title": "Can open DL Vacancies converted info",
                  "fullTitle": "DASH smoke tests/Ones Ones Unit - DL grid Can open DL Vacancies converted info",
                  "timedOut": null,
                  "duration": 18929,
                  "state": "passed",
                  "speed": "slow",
                  "pass": true,
                  "fail": false,
                  "pending": false,
                  "context": null,
                  "code": "//https://app.clickup.com/t/4534343/DASHCU-3684\ntask_id = 'DASHCU-3684';\ncy.contains(\".tab-title\", \"Vacancies converted info\").click();\ncy.contains(\".btn__overflow\", \"Nothing selected\").click();\ncy.contains(\"a\", Cypress.env('DL_dept')).click();\ncy.contains(\"Apply\").click();\n//check API whether there are converted artists\ncy.request('POST', Cypress.env('url_g') + \"/api/PositionConverterApi/GetConvertedPositionsHistory\", {\n  siteId: Cypress.env('site_id'),\n  departmentIds: [Cypress.env('DL_dept_id')]\n}).then(response => {\n  expect(response.status).to.eq(200); //status 200\n  expect(response.body.status).to.eq('success'); //status success\n  let converted_count = response.body.reference.length;\n  cy.log(converted_count);\n  if (converted_count > 0) {\n    //if there are converted artists\n    let FirstName = response.body.reference[0].realArtistUserName;\n    cy.get(\".table__row\").find(\".row__column\", FirstName).should(\"exist\"); //check if artist exists in table \n    cy.log('The number of converted artists - ' + converted_count + '. The first artist name is - ' + FirstName);\n  } else {\n    //if there are no converted artists\n    cy.get(\".table__row\").eq(1).should(\"not.exist\");\n    cy.log('The number of converted artists - ' + converted_count);\n  }\n});\n//cy.SetClickUpParameter((myObject.passed),test_tasks[9],Cypress.env('clickup_usage'))",
                  "err": {},
                  "uuid": "2a4bc09a-63d9-465d-b233-bd2a97c72e0f",
                  "parentUUID": "b52fa16d-f943-4083-8ac5-24b549fbb84e",
                  "isHook": false,
                  "skipped": false
                }
              ],
              "suites": [],
              "passes": [
                "32876be9-c059-493d-b281-f583f7232c53",
                "f7572dd1-4cbc-42f1-9a32-6c8a259850b6",
                "b7f3fa19-3b14-473a-83fa-f06aeb5c575d",
                "9febc2ee-23b2-4983-ad66-00420ac6b1bf",
                "2a4bc09a-63d9-465d-b233-bd2a97c72e0f"
              ],
              "failures": [
                "430d5688-410e-4d0a-839b-28c22e61cc1e"
              ],
              "pending": [],
              "skipped": [],
              "duration": 257542,
              "root": false,
              "rootEmpty": false,
              "_timeout": 2000
            },
            {
              "uuid": "cdbc8625-8fa3-4dd6-b924-c24a80a61125",
              "title": "Ones Unit - Show Ones grid",
              "fullFile": "",
              "file": "",
              "beforeHooks": [],
              "afterHooks": [],
              "tests": [
                {
                  "title": "Can open Show Ones => Ones grid",
                  "fullTitle": "DASH smoke tests/Ones Ones Unit - Show Ones grid Can open Show Ones => Ones grid",
                  "timedOut": null,
                  "duration": 66062,
                  "state": "passed",
                  "speed": "slow",
                  "pass": true,
                  "fail": false,
                  "pending": false,
                  "context": null,
                  "code": "//https://app.clickup.com/t/4534343/DASHCU-3685\ntask_id = 'DASHCU-3685';\ncy.contains('.tab-title', 'Ones', {\n  timeout: `${Cypress.env('elem_timeout')}`\n}).click(); //wait for loading\ncy.get('#app').then($body => {\n  if ($body.find('div>.filter-view-current').length > 0) {\n    //check if default custom filter exists\n    cy.contains(\"to see Ones content\").should(\"not.exist\");\n    cy.get('.item__info__department-name').should('exist');\n    cy.contains('.btn__overflow', 'MASTER').should('exist');\n    cy.get('div>.filter-view-current__delete').click();\n    cy.log('Clear default filter');\n  }\n});\ncy.contains(\"to see Ones content\").should(\"exist\");\ncy.contains('.btn__overflow', 'Select show').click();\ncy.intercept('GET', '**/api/showones/sites/*').as('grid_list');\nlet date = new Date().getFullYear(); //detects current year\ncy.get('.search__wrapper>input').eq(0).type(date); //search show with date in current year (aim: to have not old show for test)\ncy.get('li.VSelect__search').first().parent().then($Filter => {\n  cy.log($Filter.find('li').length);\n  if ($Filter.find('li').length <= 1) {\n    cy.get('.search__wrapper>input').eq(0).clear(); //if there are no shows with current year, we'll test any other\n  }\n  cy.get('li.VSelect__search').first().parent().find('li').eq(getRandomInt(12) + 1).click(); //select random Show within 10 first\n  cy.wait('@grid_list', {\n    requestTimeout: `${Cypress.env('req_timeout')}`\n  }).then(({\n    response\n  }) => {\n    expect(response.statusCode).to.eq(200);\n    if (response.body.reference.sites.length > 1) {\n      //select random site if there are more than 1\n      cy.log(response.body.reference.sites.length);\n      let site_id = response.body.reference.sites[getRandomInt(response.body.reference.sites.length)].id;\n      cy.get('.v-select-grouped__toggle>.toggle__text').click().get('[value=' + site_id + ']').first().click();\n    }\n    cy.get('[data-content=\"Select a discipline\"]').parent().next(1).click(); //select any random discipline\n    cy.contains('label', 'Select All').first().click();\n    cy.contains('label', Cypress.env('discipline')).first().click();\n    cy.contains('.v-filter__placeholder', Cypress.env('discipline')).next('.v-filter__caret').click();\n    cy.contains('.btn-apply', 'Apply').click();\n    cy.contains('.item__info__department-name', Cypress.env('discipline')).should('exist');\n    cy.contains('.btn__overflow', 'MASTER').click(); //check scenarios\n    cy.get('[value=\"0\"]').parent().find('li').its('length').then(CountScenario => {\n      cy.log(\"length=\" + CountScenario);\n      if (CountScenario > 1) {\n        cy.get('[value=\"0\"]').parent().find('li').eq(getRandomInt(CountScenario - 1) + 1).click();\n        cy.contains('.item__info__department-name', Cypress.env('discipline')).should('exist');\n        cy.contains('.btn__overflow', 'MASTER').should('not.exist');\n      } else {\n        cy.log('Scenarios do not exist');\n      }\n    });\n  });\n});\n//cy.SetClickUpParameter((myObject.passed),test_tasks[10],Cypress.env('clickup_usage'))",
                  "err": {},
                  "uuid": "7af87a76-df9c-46f0-9f68-1e4b7b1b15ae",
                  "parentUUID": "cdbc8625-8fa3-4dd6-b924-c24a80a61125",
                  "isHook": false,
                  "skipped": false
                },
                {
                  "title": "Can open Show Ones => Quota grid",
                  "fullTitle": "DASH smoke tests/Ones Ones Unit - Show Ones grid Can open Show Ones => Quota grid",
                  "timedOut": null,
                  "duration": 35073,
                  "state": "passed",
                  "speed": "slow",
                  "pass": true,
                  "fail": false,
                  "pending": false,
                  "context": null,
                  "code": "//https://app.clickup.com/t/4534343/DASHCU-3686\ntask_id = 'DASHCU-3686';\ncy.contains('.tab-title', 'Ones', {\n  timeout: `${Cypress.env('elem_timeout')}`\n}).click(); //wait for loading\ncy.get('#app').then($body => {\n  if ($body.find('div>.filter-view-current').length > 0) {\n    //check if default custom filter exists\n    cy.contains(\"to see Ones content\").should(\"not.exist\");\n    cy.contains('.btn__overflow', '|').should('exist').then($code => {\n      let code_long = $code.text().trim();\n      const re = /[|]/;\n      let ShowCode = code_long.substring(0, code_long.search(re)).trim();\n      cy.log('Show Ones, Show Code= ' + ShowCode);\n      cy.contains('.tab-title', 'Quota').click();\n      cy.get('.Vheader__show .btn__overflow').should('include.text', ShowCode);\n    });\n  } else {\n    cy.contains(\"to see Ones content\").should(\"exist\");\n    cy.contains('.tab-title', 'Quota').click();\n    cy.contains('.btn__overflow', 'Select show').click();\n    let random_search = generateString(2);\n    cy.get('.search__wrapper>input').eq(0).type(random_search); //search generated 2 symbols combination\n    cy.get('li.VSelect__search').first().parent().then($Filter => {\n      cy.log($Filter.find('li').length);\n      if ($Filter.find('li').length <= 1) {\n        cy.get('.search__wrapper>input').eq(0).clear(); //if there are no shows with current year, we'll test any other\n      } else {\n        cy.get('li.VSelect__search').first().parent().find('li').eq(getRandomInt($Filter.find('li').length - 1) + 1).find('a').contains(random_search.trim(), {\n          matchCase: false\n        }); //check random search result includes search text\n      }\n      cy.get('li.VSelect__search').first().parent().find('li').eq(getRandomInt($Filter.find('li').length - 1) + 1).click(); //select random Show within 10 first\n    });\n    cy.contains('.VButton__text', 'Sync Show Ones').click();\n    cy.contains('.VButton__text', 'Cancel').click();\n    cy.get('div>.show-ones-quota__header__settings__disciplines').find('span').first().then($text => {\n      cy.log($text.text());\n      if ($text.text().trim() !== 'Select discipline') {\n        cy.contains('div', 'Scheduled Q').should('exist');\n        cy.contains('div', 'Show Ones').should('exist');\n        cy.contains('.toggle__text', 'Select Site').click();\n        cy.get('div>.VCheckboxSimple').first().click();\n        cy.get('div>.VCheckboxSimple').first().find('span').then($text => {\n          let site = $text.text();\n          cy.get('div>.p-10').first().should('include.text', site.trim());\n        });\n      }\n    });\n  }\n});\n//cy.SetClickUpParameter((myObject.passed),test_tasks[11],Cypress.env('clickup_usage'))",
                  "err": {},
                  "uuid": "f33906a3-b528-4a32-b674-5dde30828810",
                  "parentUUID": "cdbc8625-8fa3-4dd6-b924-c24a80a61125",
                  "isHook": false,
                  "skipped": false
                }
              ],
              "suites": [],
              "passes": [
                "7af87a76-df9c-46f0-9f68-1e4b7b1b15ae",
                "f33906a3-b528-4a32-b674-5dde30828810"
              ],
              "failures": [],
              "pending": [],
              "skipped": [],
              "duration": 101135,
              "root": false,
              "rootEmpty": false,
              "_timeout": 2000
            }
          ],
          "passes": [],
          "failures": [],
          "pending": [
            "6f3fd884-3138-48f4-81bc-be880550390f",
            "82f9a06b-263f-4a61-808a-ec6ebfc562e1"
          ],
          "skipped": [],
          "duration": 0,
          "root": false,
          "rootEmpty": false,
          "_timeout": 2000
        }
      ],
      "passes": [],
      "failures": [],
      "pending": [],
      "skipped": [],
      "duration": 0,
      "root": true,
      "rootEmpty": true,
      "_timeout": 2000
    }
  ],
  "meta": {
    "mocha": {
      "version": "7.0.1"
    },
    "mochawesome": {
      "options": {
        "quiet": false,
        "reportFilename": "mochawesome",
        "saveHtml": false,
        "saveJson": true,
        "consoleReporter": "spec",
        "useInlineDiffs": false,
        "code": true
      },
      "version": "6.3.1"
    },
    "marge": {
      "options": {
        "reportDir": "cypress\\reports\\.jsons",
        "charts": "true",
        "overwrite": false,
        "html": false,
        "json": true
      },
      "version": "5.2.0"
    }
  }
}